-------------------------------------------------------------------------------
Test set: com.uninorte.integrationtest.IntegrationTest
-------------------------------------------------------------------------------
Tests run: 1, Failures: 1, Errors: 0, Skipped: 0, Time elapsed: 0.004 sec <<< FAILURE!
com.uninorte.integrationtest.IntegrationTest.testUserCreationAndRetrieval()  Time elapsed: 0.004 sec  <<< FAILURE!
java.lang.NullPointerException
	at com.uninorte.integrationtest.IntegrationTest.testUserCreationAndRetrieval(IntegrationTest.java:26)

