-------------------------------------------------------------------------------
Test set: com.uninorte.mocktest.MockTest
-------------------------------------------------------------------------------
Tests run: 1, Failures: 1, Errors: 0, Skipped: 0, Time elapsed: 0.005 sec <<< FAILURE!
com.uninorte.mocktest.MockTest.testUserCreationAndRetrieval()  Time elapsed: 0.004 sec  <<< FAILURE!
java.lang.NullPointerException
	at com.uninorte.mocktest.MockTest.testUserCreationAndRetrieval(MockTest.java:33)

